Vivado Simulator 2018.1
Copyright 1986-1999, 2001-2017 Xilinx, Inc. All Rights Reserved.
Running: C:/Xilinx/Vivado/2018.1/bin/unwrapped/win64.o/xelab.exe -wto 46ddbcf56dad4fb6af299bd6d29e21ba --incr --debug typical --relax --mt 2 -L xbip_utils_v3_0_9 -L axi_utils_v2_0_5 -L c_reg_fd_v12_0_5 -L xbip_dsp48_wrapper_v3_0_4 -L xbip_pipe_v3_0_5 -L xbip_dsp48_addsub_v3_0_5 -L xbip_addsub_v3_0_5 -L c_addsub_v12_0_12 -L c_mux_bit_v12_0_5 -L c_shift_ram_v12_0_12 -L xbip_bram18k_v3_0_5 -L mult_gen_v12_0_14 -L cmpy_v6_0_15 -L floating_point_v7_0_15 -L xfft_v9_1_0 -L xil_defaultlib -L secureip -L xpm --snapshot fft_tb_behav xil_defaultlib.fft_tb -log elaborate.log 
Using 2 slave threads.
Starting static elaboration
Completed static elaboration
Starting simulation data flow analysis
Completed simulation data flow analysis
Time Resolution for simulation is 1ps
Compiling package std.standard
Compiling package std.textio
Compiling package ieee.std_logic_1164
Compiling package ieee.numeric_std
Compiling package ieee.std_logic_textio
Compiling package unisim.vcomponents
Compiling package xbip_utils_v3_0_9.xbip_utils_v3_0_9_pkg
Compiling package xfft_v9_1_0.xfft_v9_1_0_viv_comp
Compiling package ieee.std_logic_arith
Compiling package ieee.std_logic_unsigned
Compiling package ieee.math_real
Compiling package axi_utils_v2_0_5.axi_utils_v2_0_5_pkg
Compiling package mult_gen_v12_0_14.mult_gen_v12_0_14_pkg
Compiling package ieee.std_logic_signed
Compiling package cmpy_v6_0_15.cmpy_v6_0_15_pkg
Compiling package floating_point_v7_0_15.floating_point_v7_0_15_consts
Compiling package floating_point_v7_0_15.floating_point_v7_0_15_exp_table...
Compiling package floating_point_v7_0_15.floating_point_v7_0_15_pkg
Compiling package xfft_v9_1_0.pkg
Compiling package xfft_v9_1_0.xfft_v9_1_0_axi_pkg
Compiling package axi_utils_v2_0_5.global_util_pkg
Compiling package axi_utils_v2_0_5.axi_utils_comps
Compiling package xbip_pipe_v3_0_5.xbip_pipe_v3_0_5_viv_comp
Compiling package xbip_addsub_v3_0_5.xbip_addsub_v3_0_5_viv_comp
Compiling package c_addsub_v12_0_12.c_addsub_v12_0_12_pkg
Compiling package c_addsub_v12_0_12.c_addsub_v12_0_12_pkg_legacy
Compiling package c_reg_fd_v12_0_5.c_reg_fd_v12_0_5_viv_comp
Compiling package ieee.vital_timing
Compiling package ieee.vital_primitives
Compiling package unisim.vpkg
Compiling package c_shift_ram_v12_0_12.c_shift_ram_v12_0_12_pkg
Compiling package c_mux_bit_v12_0_5.c_mux_bit_v12_0_5_viv_comp
Compiling package xfft_v9_1_0.quarter_sin_tw_table
Compiling package xfft_v9_1_0.quarter2_sin_tw_table
Compiling package mult_gen_v12_0_14.dsp_pkg
Compiling architecture xilinx of entity axi_utils_v2_0_5.glb_srl_fifo [\glb_srl_fifo(width=7,has_uvprot...]
Compiling architecture xilinx of entity axi_utils_v2_0_5.glb_ifx_slave [\glb_ifx_slave(width=7,has_uvpro...]
Compiling architecture synth of entity xfft_v9_1_0.axi_wrapper_input_fifo [\axi_wrapper_input_fifo(c_fifo_w...]
Compiling architecture xilinx of entity axi_utils_v2_0_5.glb_srl_fifo [\glb_srl_fifo(width=33,has_uvpro...]
Compiling architecture xilinx of entity axi_utils_v2_0_5.glb_ifx_slave [\glb_ifx_slave(width=33,has_uvpr...]
Compiling architecture synth of entity xfft_v9_1_0.axi_wrapper_input_fifo [\axi_wrapper_input_fifo(c_fifo_w...]
Compiling architecture xilinx of entity axi_utils_v2_0_5.glb_srl_fifo [\glb_srl_fifo(width=33,has_uvpro...]
Compiling architecture xilinx of entity axi_utils_v2_0_5.glb_ifx_master [\glb_ifx_master(width=33,afull_t...]
Compiling architecture synth of entity xfft_v9_1_0.axi_wrapper_output_fifo [\axi_wrapper_output_fifo(c_fifo_...]
Compiling architecture synth of entity xfft_v9_1_0.axi_wrapper [\axi_wrapper(c_nfft_max=6,c_arch...]
Compiling architecture xilinx of entity xfft_v9_1_0.equ_rtl [\equ_rtl(c_xdevicefamily="zynq",...]
Compiling architecture xilinx of entity xfft_v9_1_0.r22_cnt_ctrl [\r22_cnt_ctrl(c_xdevicefamily="z...]
Compiling architecture xilinx of entity xfft_v9_1_0.r22_cnt_ctrl [\r22_cnt_ctrl(c_xdevicefamily="z...]
Compiling architecture struct of entity c_shift_ram_v12_0_12.c_shift_ram_v12_0_12_legacy [\c_shift_ram_v12_0_12_legacy(c_x...]
Compiling architecture synth of entity c_shift_ram_v12_0_12.c_shift_ram_v12_0_12_viv [\c_shift_ram_v12_0_12_viv(c_xdev...]
Compiling architecture xilinx of entity xfft_v9_1_0.shift_ram [\shift_ram(c_xdevicefamily="zynq...]
Compiling architecture struct of entity c_shift_ram_v12_0_12.c_shift_ram_v12_0_12_legacy [\c_shift_ram_v12_0_12_legacy(c_x...]
Compiling architecture synth of entity c_shift_ram_v12_0_12.c_shift_ram_v12_0_12_viv [\c_shift_ram_v12_0_12_viv(c_xdev...]
Compiling architecture xilinx of entity xfft_v9_1_0.shift_ram [\shift_ram(c_xdevicefamily="zynq...]
Compiling architecture fd_v of entity unisim.FD [fd_default]
Compiling architecture struct of entity c_shift_ram_v12_0_12.c_shift_ram_v12_0_12_legacy [\c_shift_ram_v12_0_12_legacy(c_x...]
Compiling architecture synth of entity c_shift_ram_v12_0_12.c_shift_ram_v12_0_12_viv [\c_shift_ram_v12_0_12_viv(c_xdev...]
Compiling architecture xilinx of entity xfft_v9_1_0.shift_ram [\shift_ram(c_xdevicefamily="zynq...]
Compiling architecture struct of entity c_shift_ram_v12_0_12.c_shift_ram_v12_0_12_legacy [\c_shift_ram_v12_0_12_legacy(c_x...]
Compiling architecture synth of entity c_shift_ram_v12_0_12.c_shift_ram_v12_0_12_viv [\c_shift_ram_v12_0_12_viv(c_xdev...]
Compiling architecture xilinx of entity xfft_v9_1_0.shift_ram [\shift_ram(c_xdevicefamily="zynq...]
Compiling architecture fde_v of entity unisim.FDE [fde_default]
Compiling architecture struct of entity c_shift_ram_v12_0_12.c_shift_ram_v12_0_12_legacy [\c_shift_ram_v12_0_12_legacy(c_x...]
Compiling architecture synth of entity c_shift_ram_v12_0_12.c_shift_ram_v12_0_12_viv [\c_shift_ram_v12_0_12_viv(c_xdev...]
Compiling architecture xilinx of entity xfft_v9_1_0.shift_ram [\shift_ram(c_xdevicefamily="zynq...]
Compiling architecture struct of entity c_shift_ram_v12_0_12.c_shift_ram_v12_0_12_legacy [\c_shift_ram_v12_0_12_legacy(c_x...]
Compiling architecture synth of entity c_shift_ram_v12_0_12.c_shift_ram_v12_0_12_viv [\c_shift_ram_v12_0_12_viv(c_xdev...]
Compiling architecture xilinx of entity xfft_v9_1_0.shift_ram [\shift_ram(c_xdevicefamily="zynq...]
Compiling architecture struct of entity c_shift_ram_v12_0_12.c_shift_ram_v12_0_12_legacy [\c_shift_ram_v12_0_12_legacy(c_x...]
Compiling architecture synth of entity c_shift_ram_v12_0_12.c_shift_ram_v12_0_12_viv [\c_shift_ram_v12_0_12_viv(c_xdev...]
Compiling architecture xilinx of entity xfft_v9_1_0.shift_ram [\shift_ram(c_xdevicefamily="zynq...]
Compiling architecture xilinx of entity xfft_v9_1_0.shift_ram [\shift_ram(c_xdevicefamily="zynq...]
Compiling architecture xilinx of entity xfft_v9_1_0.shift_ram [\shift_ram(c_xdevicefamily="zynq...]
Compiling architecture xilinx of entity xfft_v9_1_0.shift_ram [\shift_ram(c_xdevicefamily="zynq...]
Compiling architecture lut3_v of entity unisim.LUT3 [\LUT3(init="11001010")(0,7)\]
Compiling architecture xilinx of entity xfft_v9_1_0.mux_bus2 [\mux_bus2(c_xdevicefamily="zynq"...]
Compiling architecture xilinx of entity xfft_v9_1_0.r22_delay_mux [\r22_delay_mux(c_xdevicefamily="...]
Compiling architecture xilinx of entity xfft_v9_1_0.r22_delay_mux [\r22_delay_mux(c_xdevicefamily="...]
Compiling architecture xilinx of entity xfft_v9_1_0.shift_ram [\shift_ram(c_xdevicefamily="zynq...]
Compiling architecture xilinx of entity xfft_v9_1_0.shift_ram [\shift_ram(c_xdevicefamily="zynq...]
Compiling architecture struct of entity c_shift_ram_v12_0_12.c_shift_ram_v12_0_12_legacy [\c_shift_ram_v12_0_12_legacy(c_x...]
Compiling architecture synth of entity c_shift_ram_v12_0_12.c_shift_ram_v12_0_12_viv [\c_shift_ram_v12_0_12_viv(c_xdev...]
Compiling architecture synth of entity xfft_v9_1_0.r22_srl_memory [\r22_srl_memory(c_xdevicefamily=...]
Compiling architecture xilinx of entity xfft_v9_1_0.r22_memory [\r22_memory(c_xdevicefamily="zyn...]
Compiling architecture structural of entity c_reg_fd_v12_0_5.c_reg_fd_v12_0_5_viv [\c_reg_fd_v12_0_5_viv(c_width=18...]
Compiling architecture rtl of entity c_addsub_v12_0_12.c_addsub_v12_0_12_lut6_legacy [\c_addsub_v12_0_12_lut6_legacy(c...]
Compiling architecture synth of entity c_addsub_v12_0_12.c_addsub_v12_0_12_fabric_legacy [\c_addsub_v12_0_12_fabric_legacy...]
Compiling architecture synth of entity c_addsub_v12_0_12.c_addsub_v12_0_12_legacy [\c_addsub_v12_0_12_legacy(c_fami...]
Compiling architecture synth of entity c_addsub_v12_0_12.c_addsub_v12_0_12_viv [\c_addsub_v12_0_12_viv(c_xdevice...]
Compiling architecture xilinx of entity xfft_v9_1_0.adder_bypass [\adder_bypass(c_xdevicefamily="z...]
Compiling architecture structural of entity c_reg_fd_v12_0_5.c_reg_fd_v12_0_5_viv [\c_reg_fd_v12_0_5_viv(c_width=18...]
Compiling architecture rtl of entity c_addsub_v12_0_12.c_addsub_v12_0_12_lut6_legacy [\c_addsub_v12_0_12_lut6_legacy(c...]
Compiling architecture synth of entity c_addsub_v12_0_12.c_addsub_v12_0_12_fabric_legacy [\c_addsub_v12_0_12_fabric_legacy...]
Compiling architecture synth of entity c_addsub_v12_0_12.c_addsub_v12_0_12_legacy [\c_addsub_v12_0_12_legacy(c_fami...]
Compiling architecture synth of entity c_addsub_v12_0_12.c_addsub_v12_0_12_viv [\c_addsub_v12_0_12_viv(c_xdevice...]
Compiling architecture xilinx of entity xfft_v9_1_0.sub_byp [\sub_byp(c_xdevicefamily="zynq",...]
Compiling architecture xilinx of entity xfft_v9_1_0.r22_bfly_byp [\r22_bfly_byp(c_xdevicefamily="z...]
Compiling architecture xilinx of entity xfft_v9_1_0.r22_bf [\r22_bf(c_xdevicefamily="zynq",c...]
Compiling architecture xilinx of entity xfft_v9_1_0.shift_ram [\shift_ram(c_xdevicefamily="zynq...]
Compiling architecture xilinx of entity xfft_v9_1_0.shift_ram [\shift_ram(c_xdevicefamily="zynq...]
Compiling architecture synth of entity xfft_v9_1_0.r22_twos_comp_mux [\r22_twos_comp_mux(c_xdevicefami...]
Compiling architecture synth of entity xfft_v9_1_0.r22_twos_comp_mux [\r22_twos_comp_mux(c_xdevicefami...]
Compiling architecture rtl of entity c_addsub_v12_0_12.c_addsub_v12_0_12_lut6_legacy [\c_addsub_v12_0_12_lut6_legacy(c...]
Compiling architecture synth of entity c_addsub_v12_0_12.c_addsub_v12_0_12_fabric_legacy [\c_addsub_v12_0_12_fabric_legacy...]
Compiling architecture synth of entity c_addsub_v12_0_12.c_addsub_v12_0_12_legacy [\c_addsub_v12_0_12_legacy(c_fami...]
Compiling architecture synth of entity c_addsub_v12_0_12.c_addsub_v12_0_12_viv [\c_addsub_v12_0_12_viv(c_xdevice...]
Compiling architecture xilinx of entity xfft_v9_1_0.adder [\adder(c_xdevicefamily="zynq",c_...]
Compiling architecture struct of entity c_shift_ram_v12_0_12.c_shift_ram_v12_0_12_legacy [\c_shift_ram_v12_0_12_legacy(c_x...]
Compiling architecture synth of entity c_shift_ram_v12_0_12.c_shift_ram_v12_0_12_viv [\c_shift_ram_v12_0_12_viv(c_xdev...]
Compiling architecture xilinx of entity xfft_v9_1_0.shift_ram [\shift_ram(c_xdevicefamily="zynq...]
Compiling architecture struct of entity c_shift_ram_v12_0_12.c_shift_ram_v12_0_12_legacy [\c_shift_ram_v12_0_12_legacy(c_x...]
Compiling architecture synth of entity c_shift_ram_v12_0_12.c_shift_ram_v12_0_12_viv [\c_shift_ram_v12_0_12_viv(c_xdev...]
Compiling architecture xilinx of entity xfft_v9_1_0.shift_ram [\shift_ram(c_xdevicefamily="zynq...]
Compiling architecture xilinx of entity xfft_v9_1_0.shift_ram [\shift_ram(c_xdevicefamily="zynq...]
Compiling architecture xilinx of entity xfft_v9_1_0.mux_bus2 [\mux_bus2(c_xdevicefamily="zynq"...]
Compiling architecture xilinx of entity xfft_v9_1_0.r22_bf_sp [\r22_bf_sp(c_xdevicefamily="zynq...]
Compiling architecture struct of entity c_shift_ram_v12_0_12.c_shift_ram_v12_0_12_legacy [\c_shift_ram_v12_0_12_legacy(c_x...]
Compiling architecture synth of entity c_shift_ram_v12_0_12.c_shift_ram_v12_0_12_viv [\c_shift_ram_v12_0_12_viv(c_xdev...]
Compiling architecture xilinx of entity xfft_v9_1_0.shift_ram [\shift_ram(c_xdevicefamily="zynq...]
Compiling architecture struct of entity c_shift_ram_v12_0_12.c_shift_ram_v12_0_12_legacy [\c_shift_ram_v12_0_12_legacy(c_x...]
Compiling architecture synth of entity c_shift_ram_v12_0_12.c_shift_ram_v12_0_12_viv [\c_shift_ram_v12_0_12_viv(c_xdev...]
Compiling architecture xilinx of entity xfft_v9_1_0.shift_ram [\shift_ram(c_xdevicefamily="zynq...]
Compiling architecture structural of entity c_reg_fd_v12_0_5.c_reg_fd_v12_0_5_viv [\c_reg_fd_v12_0_5_viv(c_width=6,...]
Compiling architecture rtl of entity c_addsub_v12_0_12.c_addsub_v12_0_12_lut6_legacy [\c_addsub_v12_0_12_lut6_legacy(c...]
Compiling architecture synth of entity c_addsub_v12_0_12.c_addsub_v12_0_12_fabric_legacy [\c_addsub_v12_0_12_fabric_legacy...]
Compiling architecture synth of entity c_addsub_v12_0_12.c_addsub_v12_0_12_legacy [\c_addsub_v12_0_12_legacy(c_fami...]
Compiling architecture synth of entity c_addsub_v12_0_12.c_addsub_v12_0_12_viv [\c_addsub_v12_0_12_viv(c_xdevice...]
Compiling architecture xilinx of entity xfft_v9_1_0.adder [\adder(c_xdevicefamily="zynq",c_...]
Compiling architecture lut6_v of entity unisim.LUT6 [\LUT6(init="11111111000000001111...]
Compiling architecture xilinx of entity xfft_v9_1_0.mux_bus4 [\mux_bus4(c_xdevicefamily="zynq"...]
Compiling architecture xilinx of entity xfft_v9_1_0.shift_ram [\shift_ram(c_xdevicefamily="zynq...]
Compiling architecture xilinx of entity xfft_v9_1_0.twgen_distmem [\twgen_distmem(theta_width=5,twi...]
Compiling architecture xilinx of entity xfft_v9_1_0.twiddle_gen [\twiddle_gen(c_xdevicefamily="zy...]
Compiling architecture xilinx of entity xfft_v9_1_0.r22_tw_gen [\r22_tw_gen(c_xdevicefamily="zyn...]
Compiling architecture xilinx of entity cmpy_v6_0_15.delay_line [\delay_line(c_xdevicefamily="zyn...]
Compiling architecture xilinx of entity cmpy_v6_0_15.delay_line [\delay_line(c_xdevicefamily="zyn...]
Compiling architecture xilinx of entity cmpy_v6_0_15.delay_line [\delay_line(c_xdevicefamily="zyn...]
Compiling architecture xilinx of entity mult_gen_v12_0_14.delay_line [\delay_line(c_xdevicefamily="zyn...]
Compiling architecture xilinx of entity mult_gen_v12_0_14.delay_line [\delay_line(c_xdevicefamily="zyn...]
Compiling architecture dsp48e1_v of entity unisim.DSP48E1 [\DSP48E1(acascreg=2,alumodereg=0...]
Compiling architecture xilinx of entity mult_gen_v12_0_14.delay_line [\delay_line(c_xdevicefamily="zyn...]
Compiling architecture xilinx of entity mult_gen_v12_0_14.op_resize [\op_resize(ai_width=17,bi_width=...]
Compiling architecture xilinx of entity mult_gen_v12_0_14.dsp [\dsp(c_xdevicefamily="zynq",c_a_...]
Compiling architecture xilinx of entity cmpy_v6_0_15.cmpy_3_dsp48_mult [\cmpy_3_dsp48_mult(c_xdevicefami...]
Compiling architecture xilinx of entity mult_gen_v12_0_14.delay_line [\delay_line(c_xdevicefamily="zyn...]
Compiling architecture xilinx of entity mult_gen_v12_0_14.delay_line [\delay_line(c_xdevicefamily="zyn...]
Compiling architecture dsp48e1_v of entity unisim.DSP48E1 [\DSP48E1(alumodereg=0,bcascreg=2...]
Compiling architecture xilinx of entity mult_gen_v12_0_14.op_resize [\op_resize(ai_width=19,ao_width=...]
Compiling architecture xilinx of entity mult_gen_v12_0_14.dsp [\dsp(c_xdevicefamily="zynq",c_a_...]
Compiling architecture xilinx of entity cmpy_v6_0_15.cmpy_3_dsp48_mult [\cmpy_3_dsp48_mult(c_xdevicefami...]
Compiling architecture xilinx of entity mult_gen_v12_0_14.dsp [\dsp(c_xdevicefamily="zynq",c_a_...]
Compiling architecture xilinx of entity cmpy_v6_0_15.cmpy_3_dsp48_mult [\cmpy_3_dsp48_mult(c_xdevicefami...]
Compiling architecture xilinx of entity cmpy_v6_0_15.input_negation [\input_negation(c_xdevicefamily=...]
Compiling architecture xilinx of entity cmpy_v6_0_15.delay_line [\delay_line(c_xdevicefamily="zyn...]
Compiling architecture xilinx of entity cmpy_v6_0_15.delay_line [\delay_line(c_xdevicefamily="zyn...]
Compiling architecture xilinx of entity cmpy_v6_0_15.cmpy_3_dsp48 [\cmpy_3_dsp48(c_xdevicefamily="z...]
Compiling architecture xilinx of entity cmpy_v6_0_15.cmpy_v6_0_15_synth [\cmpy_v6_0_15_synth(c_xdevicefam...]
Compiling architecture xilinx of entity xfft_v9_1_0.cmpy [\cmpy(c_xdevicefamily="zynq",a_w...]
Compiling architecture xilinx of entity xfft_v9_1_0.mux_bus4 [\mux_bus4(c_xdevicefamily="zynq"...]
Compiling architecture xilinx of entity xfft_v9_1_0.arith_shift3 [\arith_shift3(c_xdevicefamily="z...]
Compiling architecture xilinx of entity xfft_v9_1_0.shift_ram [\shift_ram(c_xdevicefamily="zynq...]
Compiling architecture xilinx of entity xfft_v9_1_0.r22_pe [\r22_pe(c_xdevicefamily="zynq",m...]
Compiling architecture synth of entity xfft_v9_1_0.srl_fifo [\srl_fifo(c_width=1)\]
Compiling architecture xilinx of entity xfft_v9_1_0.r22_cnt_ctrl [\r22_cnt_ctrl(c_xdevicefamily="z...]
Compiling architecture xilinx of entity xfft_v9_1_0.r22_cnt_ctrl [\r22_cnt_ctrl(c_xdevicefamily="z...]
Compiling architecture struct of entity c_shift_ram_v12_0_12.c_shift_ram_v12_0_12_legacy [\c_shift_ram_v12_0_12_legacy(c_x...]
Compiling architecture synth of entity c_shift_ram_v12_0_12.c_shift_ram_v12_0_12_viv [\c_shift_ram_v12_0_12_viv(c_xdev...]
Compiling architecture xilinx of entity xfft_v9_1_0.shift_ram [\shift_ram(c_xdevicefamily="zynq...]
Compiling architecture struct of entity c_shift_ram_v12_0_12.c_shift_ram_v12_0_12_legacy [\c_shift_ram_v12_0_12_legacy(c_x...]
Compiling architecture synth of entity c_shift_ram_v12_0_12.c_shift_ram_v12_0_12_viv [\c_shift_ram_v12_0_12_viv(c_xdev...]
Compiling architecture xilinx of entity xfft_v9_1_0.shift_ram [\shift_ram(c_xdevicefamily="zynq...]
Compiling architecture struct of entity c_shift_ram_v12_0_12.c_shift_ram_v12_0_12_legacy [\c_shift_ram_v12_0_12_legacy(c_x...]
Compiling architecture synth of entity c_shift_ram_v12_0_12.c_shift_ram_v12_0_12_viv [\c_shift_ram_v12_0_12_viv(c_xdev...]
Compiling architecture xilinx of entity xfft_v9_1_0.shift_ram [\shift_ram(c_xdevicefamily="zynq...]
Compiling architecture struct of entity c_shift_ram_v12_0_12.c_shift_ram_v12_0_12_legacy [\c_shift_ram_v12_0_12_legacy(c_x...]
Compiling architecture synth of entity c_shift_ram_v12_0_12.c_shift_ram_v12_0_12_viv [\c_shift_ram_v12_0_12_viv(c_xdev...]
Compiling architecture xilinx of entity xfft_v9_1_0.shift_ram [\shift_ram(c_xdevicefamily="zynq...]
Compiling architecture struct of entity c_shift_ram_v12_0_12.c_shift_ram_v12_0_12_legacy [\c_shift_ram_v12_0_12_legacy(c_x...]
Compiling architecture synth of entity c_shift_ram_v12_0_12.c_shift_ram_v12_0_12_viv [\c_shift_ram_v12_0_12_viv(c_xdev...]
Compiling architecture xilinx of entity xfft_v9_1_0.shift_ram [\shift_ram(c_xdevicefamily="zynq...]
Compiling architecture struct of entity c_shift_ram_v12_0_12.c_shift_ram_v12_0_12_legacy [\c_shift_ram_v12_0_12_legacy(c_x...]
Compiling architecture synth of entity c_shift_ram_v12_0_12.c_shift_ram_v12_0_12_viv [\c_shift_ram_v12_0_12_viv(c_xdev...]
Compiling architecture xilinx of entity xfft_v9_1_0.shift_ram [\shift_ram(c_xdevicefamily="zynq...]
Compiling architecture struct of entity c_shift_ram_v12_0_12.c_shift_ram_v12_0_12_legacy [\c_shift_ram_v12_0_12_legacy(c_x...]
Compiling architecture synth of entity c_shift_ram_v12_0_12.c_shift_ram_v12_0_12_viv [\c_shift_ram_v12_0_12_viv(c_xdev...]
Compiling architecture xilinx of entity xfft_v9_1_0.shift_ram [\shift_ram(c_xdevicefamily="zynq...]
Compiling architecture structural of entity c_reg_fd_v12_0_5.c_reg_fd_v12_0_5_viv [\c_reg_fd_v12_0_5_viv(c_width=17...]
Compiling architecture rtl of entity c_addsub_v12_0_12.c_addsub_v12_0_12_lut6_legacy [\c_addsub_v12_0_12_lut6_legacy(c...]
Compiling architecture synth of entity c_addsub_v12_0_12.c_addsub_v12_0_12_fabric_legacy [\c_addsub_v12_0_12_fabric_legacy...]
Compiling architecture synth of entity c_addsub_v12_0_12.c_addsub_v12_0_12_legacy [\c_addsub_v12_0_12_legacy(c_fami...]
Compiling architecture synth of entity c_addsub_v12_0_12.c_addsub_v12_0_12_viv [\c_addsub_v12_0_12_viv(c_xdevice...]
Compiling architecture xilinx of entity xfft_v9_1_0.adder [\adder(c_xdevicefamily="zynq",c_...]
Compiling architecture struct of entity c_shift_ram_v12_0_12.c_shift_ram_v12_0_12_legacy [\c_shift_ram_v12_0_12_legacy(c_x...]
Compiling architecture synth of entity c_shift_ram_v12_0_12.c_shift_ram_v12_0_12_viv [\c_shift_ram_v12_0_12_viv(c_xdev...]
Compiling architecture xilinx of entity xfft_v9_1_0.shift_ram [\shift_ram(c_xdevicefamily="zynq...]
Compiling architecture xilinx of entity xfft_v9_1_0.shift_ram [\shift_ram(c_xdevicefamily="zynq...]
Compiling architecture xilinx of entity xfft_v9_1_0.mux_bus2 [\mux_bus2(c_xdevicefamily="zynq"...]
Compiling architecture xilinx of entity xfft_v9_1_0.shift_ram [\shift_ram(c_xdevicefamily="zynq...]
Compiling architecture xilinx of entity xfft_v9_1_0.r22_bf_sp [\r22_bf_sp(c_xdevicefamily="zynq...]
Compiling architecture xilinx of entity xfft_v9_1_0.shift_ram [\shift_ram(c_xdevicefamily="zynq...]
Compiling architecture xilinx of entity xfft_v9_1_0.r22_bf_sp [\r22_bf_sp(c_xdevicefamily="zynq...]
Compiling architecture xilinx of entity xfft_v9_1_0.shift_ram [\shift_ram(c_xdevicefamily="zynq...]
Compiling architecture structural of entity c_reg_fd_v12_0_5.c_reg_fd_v12_0_5_viv [\c_reg_fd_v12_0_5_viv(c_width=4,...]
Compiling architecture rtl of entity c_addsub_v12_0_12.c_addsub_v12_0_12_lut6_legacy [\c_addsub_v12_0_12_lut6_legacy(c...]
Compiling architecture synth of entity c_addsub_v12_0_12.c_addsub_v12_0_12_fabric_legacy [\c_addsub_v12_0_12_fabric_legacy...]
Compiling architecture synth of entity c_addsub_v12_0_12.c_addsub_v12_0_12_legacy [\c_addsub_v12_0_12_legacy(c_fami...]
Compiling architecture synth of entity c_addsub_v12_0_12.c_addsub_v12_0_12_viv [\c_addsub_v12_0_12_viv(c_xdevice...]
Compiling architecture xilinx of entity xfft_v9_1_0.adder [\adder(c_xdevicefamily="zynq",c_...]
Compiling architecture xilinx of entity xfft_v9_1_0.mux_bus4 [\mux_bus4(c_xdevicefamily="zynq"...]
Compiling architecture xilinx of entity xfft_v9_1_0.twgen_distmem [\twgen_distmem(theta_width=3,twi...]
Compiling architecture xilinx of entity xfft_v9_1_0.twiddle_gen [\twiddle_gen(c_xdevicefamily="zy...]
Compiling architecture xilinx of entity xfft_v9_1_0.r22_tw_gen [\r22_tw_gen(c_xdevicefamily="zyn...]
Compiling architecture xilinx of entity xfft_v9_1_0.shift_ram [\shift_ram(c_xdevicefamily="zynq...]
Compiling architecture xilinx of entity xfft_v9_1_0.shift_ram [\shift_ram(c_xdevicefamily="zynq...]
Compiling architecture xilinx of entity xfft_v9_1_0.r22_pe [\r22_pe(c_xdevicefamily="zynq",m...]
Compiling architecture struct of entity c_shift_ram_v12_0_12.c_shift_ram_v12_0_12_legacy [\c_shift_ram_v12_0_12_legacy(c_x...]
Compiling architecture synth of entity c_shift_ram_v12_0_12.c_shift_ram_v12_0_12_viv [\c_shift_ram_v12_0_12_viv(c_xdev...]
Compiling architecture xilinx of entity xfft_v9_1_0.shift_ram [\shift_ram(c_xdevicefamily="zynq...]
Compiling architecture struct of entity c_shift_ram_v12_0_12.c_shift_ram_v12_0_12_legacy [\c_shift_ram_v12_0_12_legacy(c_x...]
Compiling architecture synth of entity c_shift_ram_v12_0_12.c_shift_ram_v12_0_12_viv [\c_shift_ram_v12_0_12_viv(c_xdev...]
Compiling architecture xilinx of entity xfft_v9_1_0.shift_ram [\shift_ram(c_xdevicefamily="zynq...]
Compiling architecture xilinx of entity xfft_v9_1_0.shift_ram [\shift_ram(c_xdevicefamily="zynq...]
Compiling architecture xilinx of entity xfft_v9_1_0.shift_ram [\shift_ram(c_xdevicefamily="zynq...]
Compiling architecture xilinx of entity xfft_v9_1_0.shift_ram [\shift_ram(c_xdevicefamily="zynq...]
Compiling architecture xilinx of entity xfft_v9_1_0.shift_ram [\shift_ram(c_xdevicefamily="zynq...]
Compiling architecture xilinx of entity xfft_v9_1_0.shift_ram [\shift_ram(c_xdevicefamily="zynq...]
Compiling architecture xilinx of entity xfft_v9_1_0.shift_ram [\shift_ram(c_xdevicefamily="zynq...]
Compiling architecture xilinx of entity xfft_v9_1_0.r22_bf_sp [\r22_bf_sp(c_xdevicefamily="zynq...]
Compiling architecture xilinx of entity xfft_v9_1_0.shift_ram [\shift_ram(c_xdevicefamily="zynq...]
Compiling architecture xilinx of entity xfft_v9_1_0.r22_bf_sp [\r22_bf_sp(c_xdevicefamily="zynq...]
Compiling architecture xilinx of entity xfft_v9_1_0.mux_bus4 [\mux_bus4(c_xdevicefamily="zynq"...]
Compiling architecture xilinx of entity xfft_v9_1_0.arith_shift3 [\arith_shift3(c_xdevicefamily="z...]
Compiling architecture xilinx of entity xfft_v9_1_0.shift_ram [\shift_ram(c_xdevicefamily="zynq...]
Compiling architecture xilinx of entity xfft_v9_1_0.shift_ram [\shift_ram(c_xdevicefamily="zynq...]
Compiling architecture xilinx of entity xfft_v9_1_0.shift_ram [\shift_ram(c_xdevicefamily="zynq...]
Compiling architecture xilinx of entity xfft_v9_1_0.r22_pe [\r22_pe(c_xdevicefamily="zynq",t...]
Compiling architecture xilinx of entity xfft_v9_1_0.shift_ram [\shift_ram(c_xdevicefamily="zynq...]
Compiling architecture xilinx of entity xfft_v9_1_0.shift_ram [\shift_ram(c_xdevicefamily="zynq...]
Compiling architecture xilinx of entity xfft_v9_1_0.shift_ram [\shift_ram(c_xdevicefamily="zynq...]
Compiling architecture xilinx of entity xfft_v9_1_0.shift_ram [\shift_ram(c_xdevicefamily="zynq...]
Compiling architecture rb18_internal_vhdl_v of entity unisim.RB18_INTERNAL_VHDL [\RB18_INTERNAL_VHDL(bram_size=18...]
Compiling architecture ramb18e1_v of entity unisim.RAMB18E1 [\RAMB18E1(doa_reg=1,dob_reg=1,ra...]
Compiling architecture xilinx of entity xfft_v9_1_0.dpm [\dpm(c_xdevicefamily="zynq",wm="...]
Compiling architecture xilinx of entity xfft_v9_1_0.r22_memory [\r22_memory(c_xdevicefamily="zyn...]
Compiling architecture xilinx of entity xfft_v9_1_0.shift_ram [\shift_ram(c_xdevicefamily="zynq...]
Compiling architecture xilinx of entity xfft_v9_1_0.shift_ram [\shift_ram(c_xdevicefamily="zynq...]
Compiling architecture xilinx of entity xfft_v9_1_0.shift_ram [\shift_ram(c_xdevicefamily="zynq...]
Compiling architecture xilinx of entity xfft_v9_1_0.shift_ram [\shift_ram(c_xdevicefamily="zynq...]
Compiling architecture xilinx of entity xfft_v9_1_0.r22_busy [\r22_busy(c_xdevicefamily="zynq"...]
Compiling architecture xilinx of entity xfft_v9_1_0.shift_ram [\shift_ram(c_xdevicefamily="zynq...]
Compiling architecture structural of entity c_reg_fd_v12_0_5.c_reg_fd_v12_0_5_viv [\c_reg_fd_v12_0_5_viv(c_width=6,...]
Compiling architecture muxcy_v of entity unisim.MUXCY [muxcy_default]
Compiling architecture xorcy_v of entity unisim.XORCY [xorcy_default]
Compiling architecture rtl of entity c_addsub_v12_0_12.c_addsub_v12_0_12_lut6_legacy [\c_addsub_v12_0_12_lut6_legacy(c...]
Compiling architecture synth of entity c_addsub_v12_0_12.c_addsub_v12_0_12_fabric_legacy [\c_addsub_v12_0_12_fabric_legacy...]
Compiling architecture synth of entity c_addsub_v12_0_12.c_addsub_v12_0_12_legacy [\c_addsub_v12_0_12_legacy(c_fami...]
Compiling architecture synth of entity c_addsub_v12_0_12.c_addsub_v12_0_12_viv [\c_addsub_v12_0_12_viv(c_xdevice...]
Compiling architecture lut6_v of entity unisim.LUT6 [\LUT6(init="10010000000010010000...]
Compiling architecture xilinx of entity xfft_v9_1_0.equ_rtl [\equ_rtl(c_xdevicefamily="zynq",...]
Compiling architecture fdre_v of entity unisim.FDRE [fdre_default]
Compiling architecture xilinx of entity xfft_v9_1_0.cnt_tc_rtl_a [\cnt_tc_rtl_a(c_xdevicefamily="z...]
Compiling architecture struct of entity c_shift_ram_v12_0_12.c_shift_ram_v12_0_12_legacy [\c_shift_ram_v12_0_12_legacy(c_x...]
Compiling architecture synth of entity c_shift_ram_v12_0_12.c_shift_ram_v12_0_12_viv [\c_shift_ram_v12_0_12_viv(c_xdev...]
Compiling architecture xilinx of entity xfft_v9_1_0.shift_ram [\shift_ram(c_xdevicefamily="zynq...]
Compiling architecture xilinx of entity xfft_v9_1_0.r22_flow_ctrl [\r22_flow_ctrl(c_xdevicefamily="...]
Compiling architecture lut3_v of entity unisim.LUT3 [\LUT3(init="10101110")(0,7)\]
Compiling architecture xilinx of entity xfft_v9_1_0.r22_cnt_ctrl [\r22_cnt_ctrl(c_xdevicefamily="z...]
Compiling architecture srl16e_v of entity unisim.SRL16E [\SRL16E(0,15)\]
Compiling architecture xilinx of entity xfft_v9_1_0.shift_ram [\shift_ram(c_xdevicefamily="zynq...]
Compiling architecture fdr_v of entity unisim.FDR [fdr_default]
Compiling architecture xilinx of entity xfft_v9_1_0.shift_ram [\shift_ram(c_xdevicefamily="zynq...]
Compiling architecture xilinx of entity xfft_v9_1_0.shift_ram [\shift_ram(c_xdevicefamily="zynq...]
Compiling architecture xilinx of entity xfft_v9_1_0.xfft_v9_1_0_d [\xfft_v9_1_0_d(c_xdevicefamily="...]
Compiling architecture synth of entity xfft_v9_1_0.xfft_v9_1_0_core [\xfft_v9_1_0_core(c_xdevicefamil...]
Compiling architecture synth of entity xfft_v9_1_0.xfft_v9_1_0_viv [\xfft_v9_1_0_viv(c_xdevicefamily...]
Compiling architecture xilinx of entity xfft_v9_1_0.xfft_v9_1_0 [\xfft_v9_1_0(c_xdevicefamily="zy...]
Compiling architecture design_1_xfft_0_1_arch of entity xil_defaultlib.design_1_xfft_0_1 [design_1_xfft_0_1_default]
Compiling architecture structure of entity xil_defaultlib.design_1 [design_1_default]
Compiling architecture structure of entity xil_defaultlib.design_1_wrapper [design_1_wrapper_default]
Compiling architecture behavioral of entity xil_defaultlib.fft_tb
Built simulation snapshot fft_tb_behav
